2022-44-01 17:44:24.971 [main] ERROR BookLibraryServiceImpl - Couldn't complete request because: Cannot invoke "java.sql.Connection.createStatement()" because "this.c" is null
2022-51-01 18:51:07.398 [main] ERROR BookLibraryServiceImpl - Couldn't complete request because tried to do it in wrong database state: Table "LIBRARY" not found (this database is empty); SQL statement:
select title,author,published_in from library; [42104-214]
2022-52-01 18:52:00.472 [main] ERROR BookLibraryServiceImpl - Couldn't complete request because: 
Cannot invoke "java.sql.Connection.createStatement()" because "this.c" is null
2022-52-01 18:52:12.267 [main] ERROR BookLibraryServiceImpl - Couldn't complete request because tried to do it in wrong database state: Table "LIBRARY" not found (this database is empty); SQL statement:
select title,author,published_in from library; [42104-214]
2022-55-01 18:55:00.550 [main] ERROR BookLibraryServiceImpl - Wrong SQL request: 
Table "LIBRARY" not found (this database is empty); SQL statement:
Insert into library (title, author, published_in) VALUES ('testAuthor1','testTitle1',1111); [42104-214]
2022-56-01 18:56:40.959 [main] ERROR BookLibraryServiceImpl - Wrong SQL request: 
Синтаксическая ошибка в выражении SQL "Create table library(id int auto_increment, title varchar(50), author varchar(50), published_in int[*]"; ожидалось "ARRAY, INVISIBLE, VISIBLE, NOT NULL, NULL, AS, DEFAULT, GENERATED, ON UPDATE, NOT NULL, NULL, AUTO_INCREMENT, DEFAULT ON NULL, NULL_TO_DEFAULT, SEQUENCE, SELECTIVITY, COMMENT, CONSTRAINT, COMMENT, PRIMARY KEY, UNIQUE, NOT NULL, NULL, CHECK, REFERENCES, AUTO_INCREMENT, ,, )"
Syntax error in SQL statement "Create table library(id int auto_increment, title varchar(50), author varchar(50), published_in int[*]"; expected "ARRAY, INVISIBLE, VISIBLE, NOT NULL, NULL, AS, DEFAULT, GENERATED, ON UPDATE, NOT NULL, NULL, AUTO_INCREMENT, DEFAULT ON NULL, NULL_TO_DEFAULT, SEQUENCE, SELECTIVITY, COMMENT, CONSTRAINT, COMMENT, PRIMARY KEY, UNIQUE, NOT NULL, NULL, CHECK, REFERENCES, AUTO_INCREMENT, ,, )"; SQL statement:
Create table library(id int auto_increment, title varchar(50), author varchar(50), published_in int [42001-214]
2022-56-01 18:56:53.972 [main] ERROR BookLibraryServiceImpl - Couldn't complete request because tried to do it in wrong database state: Table "LIBRARY" not found (this database is empty); SQL statement:
select title,author,published_in from library; [42104-214]
2022-57-01 18:57:21.684 [main] ERROR BookLibraryServiceImpl - Couldn't complete request because tried to do it in wrong database state: Table "LIBRARY" not found (this database is empty); SQL statement:
select title,author,published_in from library; [42104-214]
2022-00-01 19:00:02.356 [main] ERROR BookLibraryServiceImpl - Couldn't complete request because tried to do it in wrong database state: Синтаксическая ошибка в выражении SQL "Create table library(id int auto_increment, title varchar(50), author varchar(50), published_in int[*]"; ожидалось "ARRAY, INVISIBLE, VISIBLE, NOT NULL, NULL, AS, DEFAULT, GENERATED, ON UPDATE, NOT NULL, NULL, AUTO_INCREMENT, DEFAULT ON NULL, NULL_TO_DEFAULT, SEQUENCE, SELECTIVITY, COMMENT, CONSTRAINT, COMMENT, PRIMARY KEY, UNIQUE, NOT NULL, NULL, CHECK, REFERENCES, AUTO_INCREMENT, ,, )"
Syntax error in SQL statement "Create table library(id int auto_increment, title varchar(50), author varchar(50), published_in int[*]"; expected "ARRAY, INVISIBLE, VISIBLE, NOT NULL, NULL, AS, DEFAULT, GENERATED, ON UPDATE, NOT NULL, NULL, AUTO_INCREMENT, DEFAULT ON NULL, NULL_TO_DEFAULT, SEQUENCE, SELECTIVITY, COMMENT, CONSTRAINT, COMMENT, PRIMARY KEY, UNIQUE, NOT NULL, NULL, CHECK, REFERENCES, AUTO_INCREMENT, ,, )"; SQL statement:
Create table library(id int auto_increment, title varchar(50), author varchar(50), published_in int [42001-214]
2022-11-15 03:11:57.074 [main] ERROR BookRepositoryImpl - Table "LIBRARY" not found (this database is empty); SQL statement:
select author,title,published_in from library; [42104-214]
